********************************LISTAR********************************
[0]
[1]
[2]
[3]
[4]
[5]
[6]
[7]
[8]
[9]
[10]
[11]
[12]
[13]
[14]
[15]
[16]
[17]
[18]
[19]
[20]
[21]
[22]
[23]
[24]
[25]
[26]
[27]
[28]
[29]
[30]
[31]
[32]
[33]
[34]
[35]
[36]
[37]
[38]
[39]
[40]
[41]
[42]
[43]
[44]
[45]
[46]
Registro JMSD170120 inserido com sucesso.

********************************LISTAR********************************
[0]
[1]
[2]
[3]
[4]
[5]
[6]
[7]
[8]
[9]
[10]
[11]
[12]
[13]
[14]
[15]
[16]
[17]
[18]
[19]
[20]
[21]
[22]
[23]
[24]
[25]
[26]
[27]
[28]
[29] JMSD170120
[30]
[31]
[32]
[33]
[34]
[35]
[36]
[37]
[38]
[39]
[40]
[41]
[42]
[43]
[44]
[45]
[46]
Registro EWMD140101 inserido com sucesso.

********************************BUSCAR********************************
EWMD140101
EDUARDO MOTTA
F
17/10/1994
(36) 93912-8600
FIT
WMD-3277
14/01/19
01:50
248.68
1
COTIA, JUNDIAI, LORENA, OSASCO, RIO DE JANEIRO, SAO JOSE DOS CAMPOS, SOROCABA
Registro RXQW060218 inserido com sucesso.

Registro JHFR190307 inserido com sucesso.

**********************EXCLUIR*********************
Registro(s) nao encontrado!
FALHA AO REALIZAR OPERACAO!
********************************ALTERAR*******************************
OPERACAO REALIZADA COM SUCESSO!
********************************LISTAR********************************
[0]
[1]
[2]
[3]
[4]
[5]
[6]
[7]
[8] EWMD140101
[9]
[10]
[11]
[12]
[13]
[14]
[15]
[16]
[17] JHFR190307
[18]
[19]
[20]
[21]
[22]
[23]
[24]
[25]
[26]
[27]
[28]
[29] JMSD170120
[30]
[31]
[32] RXQW060218
[33]
[34]
[35]
[36]
[37]
[38]
[39]
[40]
[41]
[42]
[43]
[44]
[45]
[46]
Registro RIHY120808 inserido com sucesso.

********************************ALTERAR*******************************
OPERACAO REALIZADA COM SUCESSO!
********************************LISTAR********************************
[0]
[1]
[2]
[3]
[4]
[5]
[6]
[7]
[8] EWMD140101
[9]
[10]
[11]
[12] RIHY120808
[13]
[14]
[15]
[16]
[17] JHFR190307
[18]
[19]
[20]
[21]
[22]
[23]
[24]
[25]
[26]
[27]
[28]
[29] JMSD170120
[30]
[31]
[32] RXQW060218
[33]
[34]
[35]
[36]
[37]
[38]
[39]
[40]
[41]
[42]
[43]
[44]
[45]
[46]
********************************BUSCAR********************************
JHFR190307
JULIANA MENDES
F
11/06/1999
(22) 41881-5898
HB20
HFR-5732
19/03/19
07:08
133.46
2
JUNDIAI, SAO ROQUE
Registro GMMJ071104 inserido com sucesso.

Registro GUXL030407 inserido com sucesso.

Registro GPFX070505 inserido com sucesso.

********************************LISTAR********************************
[0]
[1]
[2]
[3]
[4]
[5]
[6] GPFX070505
[7]
[8] EWMD140101
[9]
[10]
[11]
[12] RIHY120808
[13]
[14]
[15]
[16]
[17] JHFR190307
[18]
[19]
[20]
[21]
[22]
[23]
[24]
[25]
[26]
[27]
[28]
[29] JMSD170120
[30]
[31]
[32] RXQW060218
[33]
[34] GMMJ071104
[35]
[36]
[37] GUXL030407
[38]
[39]
[40]
[41]
[42]
[43]
[44]
[45]
[46]
**********************EXCLUIR*********************
OPERACAO REALIZADA COM SUCESSO!
Registro MDZP060121 inserido com sucesso.

********************************BUSCAR********************************
JMSD170120
JULIANA MENDES
M
13/09/1999
(15) 01942-3988
FOX
MSD-7339
17/01/19
20:07
217.77
1
JUNDIAI, LORENA, OSASCO, RIO DE JANEIRO, SAO JOSE DOS CAMPOS, SAO ROQUE, SOROCABA, TAUBATE
**********************EXCLUIR*********************
OPERACAO REALIZADA COM SUCESSO!
Registro RJPO010119 inserido com sucesso.

Registro GGMG130116 inserido com sucesso.

ERRO: Ja existe um registro com a chave primaria: RIHY120808.

********************************ALTERAR*******************************
OPERACAO REALIZADA COM SUCESSO!
**********************EXCLUIR*********************
OPERACAO REALIZADA COM SUCESSO!
********************************LISTAR********************************
[0]
[1]
[2]
[3]
[4]
[5]
[6]
[7]
[8]
[9]
[10]
[11]
[12] RIHY120808
[13]
[14]
[15]
[16]
[17]
[18]
[19]
[20]
[21]
[22]
[23]
[24]
[25] MDZP060121 RJPO010119
[26]
[27]
[28]
[29] JMSD170120
[30]
[31] GGMG130116
[32] RXQW060218
[33]
[34] GMMJ071104
[35]
[36]
[37] GUXL030407
[38]
[39]
[40]
[41]
[42]
[43]
[44]
[45]
[46]
********************************BUSCAR********************************
MDZP060121
MATEUS ALVES
M
17/10/1998
(07) 85622-5339
FUSCA
DZP-1820
06/01/19
21:25
131.96
3
COTIA, JUNDIAI, RIO DE JANEIRO, SAO JOSE DOS CAMPOS, SAO PAULO, SAO ROQUE, SOROCABA, TAUBATE
**********************EXCLUIR*********************
OPERACAO REALIZADA COM SUCESSO!
Registro EKEI160908 inserido com sucesso.

Registro SRXZ031205 inserido com sucesso.

********************************LISTAR********************************
[0]
[1]
[2]
[3]
[4]
[5]
[6]
[7]
[8]
[9] EKEI160908
[10]
[11]
[12] RIHY120808
[13]
[14]
[15]
[16]
[17]
[18]
[19]
[20]
[21]
[22]
[23]
[24]
[25] MDZP060121
[26]
[27]
[28]
[29] JMSD170120
[30]
[31] GGMG130116
[32] RXQW060218
[33]
[34] GMMJ071104
[35]
[36]
[37] GUXL030407
[38]
[39]
[40]
[41]
[42]
[43] SRXZ031205
[44]
[45]
[46]
Registro EAYT041114 inserido com sucesso.

**********************EXCLUIR*********************
OPERACAO REALIZADA COM SUCESSO!
**********************EXCLUIR*********************
OPERACAO REALIZADA COM SUCESSO!
Registro GWOF170815 inserido com sucesso.

Registro RCXW151112 inserido com sucesso.

Registro RXPB080712 inserido com sucesso.

Registro RKDB231012 inserido com sucesso.

********************************BUSCAR********************************
EKEI160908
EDUARDO COSTA
F
09/08/1990
(51) 30403-3240
ONIX
KEI-0443
16/09/19
08:50
080.50
3
OSASCO, RIO DE JANEIRO, SAO JOSE DOS CAMPOS, SAO ROQUE, SOROCABA, TAUBATE
********************************BUSCAR********************************
GWOF170815
GABRIELA ALVEZ
M
02/05/1992
(27) 17763-4355
CIVIC
WOF-6565
17/08/19
15:49
174.51
3
COTIA, JUNDIAI, LORENA, OSASCO, RIO DE JANEIRO, SAO JOSE DOS CAMPOS, SAO PAULO, SAO ROQUE, SOROCABA, TAUBATE
Registro ERZO150807 inserido com sucesso.

ERRO: Ja existe um registro com a chave primaria: RIHY120808.

Registro PDJO041114 inserido com sucesso.

********************************LISTAR********************************
[0]
[1]
[2] ERZO150807
[3]
[4] GWOF170815
[5]
[6]
[7] RKDB231012
[8]
[9] EKEI160908 RCXW151112
[10]
[11]
[12] RIHY120808
[13]
[14]
[15]
[16]
[17]
[18] PDJO041114
[19]
[20]
[21]
[22]
[23]
[24]
[25]
[26]
[27]
[28]
[29] JMSD170120
[30]
[31] GGMG130116
[32] RXQW060218
[33]
[34] GMMJ071104
[35]
[36]
[37] GUXL030407
[38]
[39]
[40]
[41]
[42]
[43] SRXZ031205
[44] RXPB080712
[45]
[46]
********************************BUSCAR********************************
RKDB231012
ROBERT NORMAL
F
25/04/1993
(94) 60409-5371
COROLLA
KDB-2120
23/10/19
12:49
131.72
1
JUNDIAI, RIO DE JANEIRO, SAO PAULO, SAO ROQUE, SOROCABA
Registro GPUT111222 inserido com sucesso.

Registro LJMX180807 inserido com sucesso.

********************************ALTERAR*******************************
OPERACAO REALIZADA COM SUCESSO!
Registro LVNP110121 inserido com sucesso.

********************************ALTERAR*******************************
Registro(s) nao encontrado!
FALHA AO REALIZAR OPERACAO!
**********************EXCLUIR*********************
OPERACAO REALIZADA COM SUCESSO!
**********************EXCLUIR*********************
OPERACAO REALIZADA COM SUCESSO!
********************************ALTERAR*******************************
Registro(s) nao encontrado!
FALHA AO REALIZAR OPERACAO!
Registro SAQY110210 inserido com sucesso.

********************************BUSCAR********************************
ERZO150807
EDUARDO COSTA
F
27/01/1998
(30) 49255-1418
FIT
RZO-3237
15/08/19
07:30
206.77
1
COTIA, JUNDIAI, RIO DE JANEIRO, SAO JOSE DOS CAMPOS, SAO PAULO, SAO ROQUE, SOROCABA, TAUBATE
Registro SHVU201102 inserido com sucesso.

********************************LISTAR********************************
[0]
[1]
[2] ERZO150807
[3]
[4] GWOF170815
[5]
[6]
[7]
[8] LJMX180807
[9] EKEI160908 RCXW151112
[10]
[11]
[12] RIHY120808
[13]
[14]
[15]
[16]
[17] SAQY110210
[18] PDJO041114
[19]
[20]
[21]
[22]
[23]
[24]
[25]
[26]
[27]
[28] SHVU201102
[29] JMSD170120
[30]
[31] GGMG130116
[32] RXQW060218
[33]
[34] GPUT111222
[35]
[36]
[37] GUXL030407
[38]
[39]
[40]
[41]
[42]
[43] SRXZ031205
[44] RXPB080712
[45]
[46] LVNP110121
********************************BUSCAR********************************
GWOF170815
GABRIELA ALVEZ
M
02/05/1992
(27) 17763-4355
CIVIC
WOF-6565
17/08/19
15:49
174.51
3
COTIA, JUNDIAI, LORENA, OSASCO, RIO DE JANEIRO, SAO JOSE DOS CAMPOS, SAO PAULO, SAO ROQUE, SOROCABA, TAUBATE
********************************BUSCAR********************************
PDJO041114
PABLO PICASSO
F
08/02/1994
(13) 47882-6910
GOL
DJO-6052
04/11/19
14:27
246.28
1
SAO JOSE DOS CAMPOS, SOROCABA
**********************EXCLUIR*********************
OPERACAO REALIZADA COM SUCESSO!
********************************ARQUIVO*******************************
JULIANA MENDES@M@13/09/1999@(15) 01942-3988@FOX@MSD-7339@JUNDIAI|LORENA|OSASCO|RIO DE JANEIRO|SAO JOSE DOS CAMPOS|SAO ROQUE|SOROCABA|TAUBATE@17/01/19@20:07@217.77@1@###########################################################################################*|UARDO MOTTA@F@17/10/1994@(36) 93912-8600@FIT@WMD-3277@COTIA|JUNDIAI|LORENA|OSASCO|RIO DE JANEIRO|SAO JOSE DOS CAMPOS|SOROCABA@14/01/19@01:50@248.68@1@########################################################################################################ROBERT PATTINSON@M@15/09/1989@(26) 46367-2216@CORSA@XQW-0593@LORENA|RIO DE JANEIRO|SAO JOSE DOS CAMPOS|SAO PAULO@06/02/19@18:53@088.77@3@#######################################################################################################################*|LIANA MENDES@F@11/06/1999@(22) 41881-5898@HB20@HFR-5732@JUNDIAI|SAO ROQUE@19/03/19@07:08@133.46@2@############################################################################################################################################################ROBERT PATTINSON@M@23/07/1989@(27) 66238-1580@FUSCA@IHY-5255@COTIA|JUNDIAI|LORENA|OSASCO|RIO DE JANEIRO|SAO JOSE DOS CAMPOS|SAO PAULO|SOROCABA|TAUBATE@12/08/19@08:42@111.31@1@#################################################################################*|BRIEL EL ANGEL@F@17/09/1998@(72) 80692-9936@COROLLA@MMJ-1276@SAO JOSE DOS CAMPOS|TAUBATE@07/11/19@04:15@186.54@1@#############################################################################################################################################GABRIEL NAO SOU FAKE@M@03/10/1999@(90) 17161-3298@CORSA@UXL-1721@COTIA|LORENA|RIO DE JANEIRO|SAO PAULO|SAO ROQUE|SOROCABA@03/04/19@07:55@188.16@2@##############################################################################################################*|BRIEL O ANJO@M@10/01/1993@(00) 22837-8451@UNO@PFX-0442@LORENA|RIO DE JANEIRO|SAO JOSE DOS CAMPOS@07/05/19@05:55@104.90@4@#####################################################################################################################################*|TEUS ALVES@M@17/10/1998@(07) 85622-5339@FUSCA@DZP-1820@COTIA|JUNDIAI|RIO DE JANEIRO|SAO JOSE DOS CAMPOS|SAO PAULO|SAO ROQUE|SOROCABA|TAUBATE@06/01/19@21:25@131.96@3@#########################################################################################*|BERT DOWNEY JUNIOR F :(@M@16/06/1994@(24) 28595-0874@UNO@JPO-5046@COTIA|LORENA|OSASCO|RIO DE JANEIRO|SAO JOSE DOS CAMPOS|SAO PAULO|SAO ROQUE|SOROCABA|TAUBATE@01/01/19@19:21@056.98@1@########################################################################GABRIEL O ANJO@M@06/02/1998@(92) 01542-5405@UNO@GMG-8022@COTIA|JUNDIAI|OSASCO|SAO JOSE DOS CAMPOS|SAO PAULO@13/01/19@16:15@113.12@1@############################################################################################################################EDUARDO COSTA@F@09/08/1990@(51) 30403-3240@ONIX@KEI-0443@OSASCO|RIO DE JANEIRO|SAO JOSE DOS CAMPOS|SAO ROQUE|SOROCABA|TAUBATE@16/09/19@08:50@080.50@3@##########################################################################################################SABRINA SATO@M@24/12/1994@(37) 34016-7476@UNO@RXZ-4154@COTIA|SAO PAULO|SOROCABA@03/12/19@05:43@241.48@3@########################################################################################################################################################*|ELYN DOS SANTOS@F@03/10/1990@(15) 48383-3131@CORSA@AYT-2277@OSASCO|RIO DE JANEIRO|SAO PAULO@04/11/19@14:52@048.53@2@##########################################################################################################################################GABRIELA ALVEZ@M@02/05/1992@(27) 17763-4355@CIVIC@WOF-6565@COTIA|JUNDIAI|LORENA|OSASCO|RIO DE JANEIRO|SAO JOSE DOS CAMPOS|SAO PAULO|SAO ROQUE|SOROCABA|TAUBATE@17/08/19@15:49@174.51@3@#########################################################################ROBERT PATTINSON@M@08/01/1994@(71) 63563-2441@CORSA@CXW-7420@COTIA|JUNDIAI|LORENA|OSASCO|SAO PAULO|SAO ROQUE|TAUBATE@15/11/19@12:58@230.83@4@###################################################################################################################ROBERT DOWNEY JUNIOR F :(@F@22/01/1993@(73) 94124-0184@ONIX@XPB-5349@COTIA|JUNDIAI|OSASCO@08/07/19@12:03@028.47@4@##############################################################################################################################################*|BERT NORMAL@F@25/04/1993@(94) 60409-5371@COROLLA@KDB-2120@JUNDIAI|RIO DE JANEIRO|SAO PAULO|SAO ROQUE|SOROCABA@23/10/19@12:49@131.72@1@########################################################################################################################EDUARDO COSTA@F@27/01/1998@(30) 49255-1418@FIT@RZO-3237@COTIA|JUNDIAI|RIO DE JANEIRO|SAO JOSE DOS CAMPOS|SAO PAULO|SAO ROQUE|SOROCABA|TAUBATE@15/08/19@07:30@206.77@1@##########################################################################################*|BLO PICASSO@F@08/02/1994@(13) 47882-6910@GOL@DJO-6052@SAO JOSE DOS CAMPOS|SOROCABA@04/11/19@14:27@246.28@1@###################################################################################################################################################GABRIEL THE ANGEL@M@11/12/1997@(18) 97258-6462@FOX@PUT-3800@COTIA|JUNDIAI|LORENA|OSASCO|RIO DE JANEIRO|SAO JOSE DOS CAMPOS|SAO PAULO|SAO ROQUE@11/12/19@22:37@087.71@4@#########################################################################################LETICIA CARRARA@F@05/02/1996@(68) 03848-4171@HB20@JMX-6106@JUNDIAI|OSASCO|SAO PAULO@18/08/19@07:03@038.74@1@####################################################################################################################################################LETICIA BASTOS@M@15/01/1998@(20) 88185-9741@TORO@VNP-6800@JUNDIAI|LORENA|OSASCO|RIO DE JANEIRO@11/01/19@21:45@025.70@4@#########################################################################################################################################SABRINA SATO@F@02/05/1998@(22) 57218-4133@CORSA@AQY-6034@COTIA|JUNDIAI|LORENA|OSASCO|RIO DE JANEIRO|SAO JOSE DOS CAMPOS|SAO PAULO|SAO ROQUE|SOROCABA@11/02/19@10:41@107.91@3@###################################################################################SABRINA SATO@F@06/08/1996@(43) 99365-6265@TORO@HVU-3233@COTIA|JUNDIAI|LORENA|OSASCO|RIO DE JANEIRO|SAO JOSE DOS CAMPOS|SAO PAULO|SAO ROQUE|SOROCABA|TAUBATE@20/11/19@02:01@106.72@1@############################################################################
