Registro EDMK080419 inserido com sucesso. Numero de colisoes: 0.

Registro MGRY061104 inserido com sucesso. Numero de colisoes: 0.

********************************BUSCAR********************************
MGRY061104
MATHEUS ROCHA
F
18/05/1995
(51) 16354-6488
COROLLA
GRY-5804
06/11/19
04:07
090.76
3
SAO PAULO, SAO ROQUE, SOROCABA
********************************LISTAR********************************
[0] Livre
[1] Livre
[2] Livre
[3] Livre
[4] Livre
[5] Livre
[6] Livre
[7] Livre
[8] Livre
[9] Ocupado: MGRY061104
[10] Ocupado: EDMK080419
[11] Livre
[12] Livre
[13] Livre
[14] Livre
[15] Livre
[16] Livre
[17] Livre
[18] Livre
Registro GRNG141004 inserido com sucesso. Numero de colisoes: 0.

********************************BUSCAR********************************
Registro(s) nao encontrado!
Registro EBZC061102 inserido com sucesso. Numero de colisoes: 0.

********************************BUSCAR********************************
GRNG141004
GABRIEL O ANJO
M
18/12/1999
(13) 20295-6857
HB20
RNG-8188
14/10/19
04:10
100.74
2
JUNDIAI, LORENA, RIO DE JANEIRO, SAO PAULO, SAO ROQUE
********************************BUSCAR********************************
EBZC061102
EDUARDO MOTTA
F
03/02/1996
(93) 03304-9925
ONIX
BZC-9412
06/11/19
02:31
078.58
4
LORENA, SAO JOSE DOS CAMPOS, SAO PAULO, SOROCABA
Registro PORG101215 inserido com sucesso. Numero de colisoes: 2.

Registro AOCM110113 inserido com sucesso. Numero de colisoes: 2.

********************************BUSCAR********************************
PORG101215
PABLO ESCOBAR
M
24/10/1991
(36) 96294-0580
GOL
ORG-2746
10/12/19
15:06
047.36
3
COTIA, RIO DE JANEIRO, SAO PAULO
Registro RRTQ030905 inserido com sucesso. Numero de colisoes: 1.

Registro FPEA140403 inserido com sucesso. Numero de colisoes: 4.

Registro MGJC251021 inserido com sucesso. Numero de colisoes: 0.

Registro ELKZ141206 inserido com sucesso. Numero de colisoes: 0.

ERRO: Ja existe um registro com a chave primaria: FPEA140403.

********************************LISTAR********************************
[0] Livre
[1] Livre
[2] Ocupado: GRNG141004
[3] Ocupado: EBZC061102
[4] Ocupado: AOCM110113
[5] Livre
[6] Livre
[7] Ocupado: MGJC251021
[8] Livre
[9] Ocupado: MGRY061104
[10] Ocupado: EDMK080419
[11] Ocupado: PORG101215
[12] Ocupado: RRTQ030905
[13] Ocupado: FPEA140403
[14] Ocupado: ELKZ141206
[15] Livre
[16] Livre
[17] Livre
[18] Livre
********************************ARQUIVO*******************************
EDUARDO COSTA@M@16/01/1989@(01) 92036-7894@GOL@DMK-1204@JUNDIAI|LORENA|RIO DE JANEIRO|SAO JOSE DOS CAMPOS|SAO PAULO@08/04/19@19:58@217.50@3@####################################################################################################################MATHEUS ROCHA@F@18/05/1995@(51) 16354-6488@COROLLA@GRY-5804@SAO PAULO|SAO ROQUE|SOROCABA@06/11/19@04:07@090.76@3@###############################################################################################################################################GABRIEL O ANJO@M@18/12/1999@(13) 20295-6857@HB20@RNG-8188@JUNDIAI|LORENA|RIO DE JANEIRO|SAO PAULO|SAO ROQUE@14/10/19@04:10@100.74@2@############################################################################################################################EDUARDO MOTTA@F@03/02/1996@(93) 03304-9925@ONIX@BZC-9412@LORENA|SAO JOSE DOS CAMPOS|SAO PAULO|SOROCABA@06/11/19@02:31@078.58@4@#################################################################################################################################PABLO ESCOBAR@M@24/10/1991@(36) 96294-0580@GOL@ORG-2746@COTIA|RIO DE JANEIRO|SAO PAULO@10/12/19@15:06@047.36@3@#################################################################################################################################################ALEXANDRE O MIXURUCA@F@07/01/1991@(09) 19305-2147@UNO@OCM-9359@OSASCO|SAO ROQUE@11/01/19@13:27@163.78@3@########################################################################################################################################################ROBERT NORMAL@F@15/05/1989@(50) 95555-6227@FUSCA@RTQ-2400@JUNDIAI|LORENA|RIO DE JANEIRO|SAO PAULO@03/09/19@05:58@163.65@3@######################################################################################################################################FELIPE COUTINHO@F@16/04/1993@(75) 95136-2851@FUSCA@PEA-0832@OSASCO|RIO DE JANEIRO|SAO PAULO|SAO ROQUE@14/04/19@03:50@045.32@4@##################################################################################################################################MATHEUS AUGUSTO@M@23/06/1992@(02) 46341-0647@FOX@GJC-9056@COTIA|OSASCO@25/10/19@21:39@182.54@4@#################################################################################################################################################################EVELYN DOS SANTOS@F@01/10/1992@(94) 21709-7104@COROLLA@LKZ-7229@SAO JOSE DOS CAMPOS|SAO PAULO@14/12/19@06:53@220.53@4@##########################################################################################################################################
