********************************LISTAR********************************
[0] Ocupado: MYAB180704
[1] Ocupado: RQSG180810
[2] Ocupado: PAPD121112
[3] Ocupado: ABSG200220
[4] Ocupado: JMTL041120
[5] Ocupado: GXRG060201
[6] Livre
[7] Ocupado: AKUU230814
[8] Livre
[9] Ocupado: ACHO211109
[10] Livre
[11] Ocupado: MJBI080913
[12] Ocupado: FAMD090101
[13] Ocupado: LQWK150922
[14] Livre
[15] Livre
[16] Livre
[17] Ocupado: LFSJ210803
[18] Ocupado: ECKY071103
[19] Livre
[20] Livre
[21] Livre
[22] Ocupado: BYPI090206
[23] Livre
[24] Ocupado: AALO131103
[25] Ocupado: RFFW060410
[26] Ocupado: ESHQ191100
[27] Ocupado: LWHD030301
[28] Ocupado: GSBZ050300
[29] Ocupado: FUAD150505
[30] Ocupado: JHKM040120
[31] Ocupado: EOBY191107
[32] Ocupado: LLAA190501
[33] Livre
[34] Livre
[35] Livre
[36] Ocupado: SCYW190503
[37] Livre
[38] Livre
[39] Livre
[40] Livre
[41] Livre
[42] Livre
[43] Livre
[44] Livre
[45] Ocupado: GGKB250708
[46] Livre
[47] Ocupado: BSLN101214
[48] Ocupado: AFWE240311
[49] Ocupado: RDKA070713
[50] Ocupado: EAGR060302
[51] Livre
[52] Ocupado: EMUH211217
[53] Livre
[54] Livre
[55] Ocupado: LWND141201
[56] Ocupado: TAQC190312
[57] Ocupado: LPBB241020
[58] Ocupado: LFRQ250702
[59] Livre
[60] Livre
[61] Ocupado: LFVM170711
[62] Livre
[63] Livre
[64] Livre
[65] Ocupado: LBMG170608
[66] Livre
[67] Ocupado: PXPU081000
[68] Ocupado: JSUR091120
[69] Ocupado: JHSV160515
[70] Ocupado: JTFC210205
********************************ALTERAR*******************************
Registro(s) nao encontrado!
FALHA AO REALIZAR OPERACAO!
********************************ALTERAR*******************************
OPERACAO REALIZADA COM SUCESSO!
********************************ALTERAR*******************************
OPERACAO REALIZADA COM SUCESSO!
**********************EXCLUIR*********************
OPERACAO REALIZADA COM SUCESSO!
********************************ALTERAR*******************************
Registro(s) nao encontrado!
FALHA AO REALIZAR OPERACAO!
********************************BUSCAR********************************
EAGR060302
EDUARDO COSTA
M
20/03/1994
(68) 58446-3289
UNO
AGR-9836
06/03/19
02:20
131.24
4
COTIA, OSASCO, RIO DE JANEIRO, SAO JOSE DOS CAMPOS, SAO PAULO, SOROCABA
**********************EXCLUIR*********************
OPERACAO REALIZADA COM SUCESSO!
Registro GUUI010813 inserido com sucesso. Numero de colisoes: 0.

Registro MWVX260421 inserido com sucesso. Numero de colisoes: 0.

********************************ALTERAR*******************************
Registro(s) nao encontrado!
FALHA AO REALIZAR OPERACAO!
**********************EXCLUIR*********************
OPERACAO REALIZADA COM SUCESSO!
Registro JNCV191012 inserido com sucesso. Numero de colisoes: 2.

Registro EFBI211115 inserido com sucesso. Numero de colisoes: 3.

Registro GACZ121204 inserido com sucesso. Numero de colisoes: 4.

**********************EXCLUIR*********************
OPERACAO REALIZADA COM SUCESSO!
********************************ALTERAR*******************************
OPERACAO REALIZADA COM SUCESSO!
Registro GFVT130420 inserido com sucesso. Numero de colisoes: 1.

Registro PQZN061219 inserido com sucesso. Numero de colisoes: 0.

********************************LISTAR********************************
[0] Ocupado: MYAB180704
[1] Ocupado: RQSG180810
[2] Ocupado: PAPD121112
[3] Ocupado: ABSG200220
[4] Removido
[5] Ocupado: GXRG060201
[6] Livre
[7] Ocupado: AKUU230814
[8] Livre
[9] Ocupado: ACHO211109
[10] Livre
[11] Ocupado: MJBI080913
[12] Ocupado: FAMD090101
[13] Ocupado: LQWK150922
[14] Livre
[15] Livre
[16] Livre
[17] Ocupado: LFSJ210803
[18] Ocupado: ECKY071103
[19] Ocupado: JNCV191012
[20] Livre
[21] Livre
[22] Ocupado: BYPI090206
[23] Livre
[24] Ocupado: AALO131103
[25] Ocupado: RFFW060410
[26] Ocupado: ESHQ191100
[27] Removido
[28] Ocupado: GSBZ050300
[29] Ocupado: FUAD150505
[30] Ocupado: JHKM040120
[31] Removido
[32] Ocupado: LLAA190501
[33] Livre
[34] Ocupado: GUUI010813
[35] Livre
[36] Ocupado: SCYW190503
[37] Ocupado: GFVT130420
[38] Livre
[39] Livre
[40] Livre
[41] Livre
[42] Livre
[43] Livre
[44] Ocupado: MWVX260421
[45] Ocupado: GGKB250708
[46] Livre
[47] Ocupado: BSLN101214
[48] Ocupado: AFWE240311
[49] Ocupado: RDKA070713
[50] Ocupado: EAGR060302
[51] Ocupado: EFBI211115
[52] Ocupado: EMUH211217
[53] Ocupado: GACZ121204
[54] Livre
[55] Ocupado: LWND141201
[56] Ocupado: TAQC190312
[57] Ocupado: LPBB241020
[58] Ocupado: LFRQ250702
[59] Ocupado: PQZN061219
[60] Livre
[61] Ocupado: LFVM170711
[62] Livre
[63] Livre
[64] Livre
[65] Ocupado: LBMG170608
[66] Livre
[67] Ocupado: PXPU081000
[68] Ocupado: JSUR091120
[69] Ocupado: JHSV160515
[70] Removido
**********************EXCLUIR*********************
OPERACAO REALIZADA COM SUCESSO!
Registro ATYF200222 inserido com sucesso. Numero de colisoes: 1.

********************************ALTERAR*******************************
Registro(s) nao encontrado!
FALHA AO REALIZAR OPERACAO!
********************************LISTAR********************************
[0] Ocupado: MYAB180704
[1] Ocupado: RQSG180810
[2] Ocupado: PAPD121112
[3] Ocupado: ABSG200220
[4] Removido
[5] Ocupado: GXRG060201
[6] Livre
[7] Ocupado: AKUU230814
[8] Livre
[9] Ocupado: ACHO211109
[10] Livre
[11] Ocupado: MJBI080913
[12] Ocupado: FAMD090101
[13] Ocupado: LQWK150922
[14] Livre
[15] Livre
[16] Livre
[17] Ocupado: LFSJ210803
[18] Ocupado: ECKY071103
[19] Ocupado: JNCV191012
[20] Livre
[21] Livre
[22] Ocupado: BYPI090206
[23] Livre
[24] Ocupado: AALO131103
[25] Ocupado: RFFW060410
[26] Ocupado: ESHQ191100
[27] Removido
[28] Ocupado: GSBZ050300
[29] Ocupado: FUAD150505
[30] Ocupado: JHKM040120
[31] Removido
[32] Ocupado: LLAA190501
[33] Livre
[34] Ocupado: GUUI010813
[35] Livre
[36] Removido
[37] Ocupado: GFVT130420
[38] Livre
[39] Livre
[40] Livre
[41] Livre
[42] Livre
[43] Livre
[44] Ocupado: MWVX260421
[45] Ocupado: GGKB250708
[46] Livre
[47] Ocupado: BSLN101214
[48] Ocupado: AFWE240311
[49] Ocupado: RDKA070713
[50] Ocupado: EAGR060302
[51] Ocupado: EFBI211115
[52] Ocupado: EMUH211217
[53] Ocupado: GACZ121204
[54] Ocupado: ATYF200222
[55] Ocupado: LWND141201
[56] Ocupado: TAQC190312
[57] Ocupado: LPBB241020
[58] Ocupado: LFRQ250702
[59] Ocupado: PQZN061219
[60] Livre
[61] Ocupado: LFVM170711
[62] Livre
[63] Livre
[64] Livre
[65] Ocupado: LBMG170608
[66] Livre
[67] Ocupado: PXPU081000
[68] Ocupado: JSUR091120
[69] Ocupado: JHSV160515
[70] Removido
Registro MFPW210809 inserido com sucesso. Numero de colisoes: 1.

********************************LISTAR********************************
[0] Ocupado: MYAB180704
[1] Ocupado: RQSG180810
[2] Ocupado: PAPD121112
[3] Ocupado: ABSG200220
[4] Removido
[5] Ocupado: GXRG060201
[6] Livre
[7] Ocupado: AKUU230814
[8] Livre
[9] Ocupado: ACHO211109
[10] Livre
[11] Ocupado: MJBI080913
[12] Ocupado: FAMD090101
[13] Ocupado: LQWK150922
[14] Livre
[15] Livre
[16] Livre
[17] Ocupado: LFSJ210803
[18] Ocupado: ECKY071103
[19] Ocupado: JNCV191012
[20] Livre
[21] Livre
[22] Ocupado: BYPI090206
[23] Livre
[24] Ocupado: AALO131103
[25] Ocupado: RFFW060410
[26] Ocupado: ESHQ191100
[27] Removido
[28] Ocupado: GSBZ050300
[29] Ocupado: FUAD150505
[30] Ocupado: JHKM040120
[31] Removido
[32] Ocupado: LLAA190501
[33] Livre
[34] Ocupado: GUUI010813
[35] Livre
[36] Removido
[37] Ocupado: GFVT130420
[38] Livre
[39] Livre
[40] Livre
[41] Livre
[42] Livre
[43] Livre
[44] Ocupado: MWVX260421
[45] Ocupado: GGKB250708
[46] Livre
[47] Ocupado: BSLN101214
[48] Ocupado: AFWE240311
[49] Ocupado: RDKA070713
[50] Ocupado: EAGR060302
[51] Ocupado: EFBI211115
[52] Ocupado: EMUH211217
[53] Ocupado: GACZ121204
[54] Ocupado: ATYF200222
[55] Ocupado: LWND141201
[56] Ocupado: TAQC190312
[57] Ocupado: LPBB241020
[58] Ocupado: LFRQ250702
[59] Ocupado: PQZN061219
[60] Livre
[61] Ocupado: LFVM170711
[62] Ocupado: MFPW210809
[63] Livre
[64] Livre
[65] Ocupado: LBMG170608
[66] Livre
[67] Ocupado: PXPU081000
[68] Ocupado: JSUR091120
[69] Ocupado: JHSV160515
[70] Removido
********************************BUSCAR********************************
ATYF200222
ALEXANDRE O MAIS OU MENOS
M
22/09/1990
(17) 34178-4858
CIVIC
TYF-2831
20/02/19
22:33
077.42
2
LORENA, OSASCO, SOROCABA
********************************LISTAR********************************
[0] Ocupado: MYAB180704
[1] Ocupado: RQSG180810
[2] Ocupado: PAPD121112
[3] Ocupado: ABSG200220
[4] Removido
[5] Ocupado: GXRG060201
[6] Livre
[7] Ocupado: AKUU230814
[8] Livre
[9] Ocupado: ACHO211109
[10] Livre
[11] Ocupado: MJBI080913
[12] Ocupado: FAMD090101
[13] Ocupado: LQWK150922
[14] Livre
[15] Livre
[16] Livre
[17] Ocupado: LFSJ210803
[18] Ocupado: ECKY071103
[19] Ocupado: JNCV191012
[20] Livre
[21] Livre
[22] Ocupado: BYPI090206
[23] Livre
[24] Ocupado: AALO131103
[25] Ocupado: RFFW060410
[26] Ocupado: ESHQ191100
[27] Removido
[28] Ocupado: GSBZ050300
[29] Ocupado: FUAD150505
[30] Ocupado: JHKM040120
[31] Removido
[32] Ocupado: LLAA190501
[33] Livre
[34] Ocupado: GUUI010813
[35] Livre
[36] Removido
[37] Ocupado: GFVT130420
[38] Livre
[39] Livre
[40] Livre
[41] Livre
[42] Livre
[43] Livre
[44] Ocupado: MWVX260421
[45] Ocupado: GGKB250708
[46] Livre
[47] Ocupado: BSLN101214
[48] Ocupado: AFWE240311
[49] Ocupado: RDKA070713
[50] Ocupado: EAGR060302
[51] Ocupado: EFBI211115
[52] Ocupado: EMUH211217
[53] Ocupado: GACZ121204
[54] Ocupado: ATYF200222
[55] Ocupado: LWND141201
[56] Ocupado: TAQC190312
[57] Ocupado: LPBB241020
[58] Ocupado: LFRQ250702
[59] Ocupado: PQZN061219
[60] Livre
[61] Ocupado: LFVM170711
[62] Ocupado: MFPW210809
[63] Livre
[64] Livre
[65] Ocupado: LBMG170608
[66] Livre
[67] Ocupado: PXPU081000
[68] Ocupado: JSUR091120
[69] Ocupado: JHSV160515
[70] Removido
**********************EXCLUIR*********************
OPERACAO REALIZADA COM SUCESSO!
********************************BUSCAR********************************
Registro(s) nao encontrado!
********************************BUSCAR********************************
Registro(s) nao encontrado!
********************************LISTAR********************************
[0] Ocupado: MYAB180704
[1] Ocupado: RQSG180810
[2] Ocupado: PAPD121112
[3] Ocupado: ABSG200220
[4] Removido
[5] Ocupado: GXRG060201
[6] Livre
[7] Ocupado: AKUU230814
[8] Livre
[9] Ocupado: ACHO211109
[10] Livre
[11] Ocupado: MJBI080913
[12] Ocupado: FAMD090101
[13] Ocupado: LQWK150922
[14] Livre
[15] Livre
[16] Livre
[17] Ocupado: LFSJ210803
[18] Ocupado: ECKY071103
[19] Ocupado: JNCV191012
[20] Livre
[21] Livre
[22] Ocupado: BYPI090206
[23] Livre
[24] Ocupado: AALO131103
[25] Ocupado: RFFW060410
[26] Ocupado: ESHQ191100
[27] Removido
[28] Ocupado: GSBZ050300
[29] Ocupado: FUAD150505
[30] Ocupado: JHKM040120
[31] Removido
[32] Ocupado: LLAA190501
[33] Livre
[34] Ocupado: GUUI010813
[35] Livre
[36] Removido
[37] Ocupado: GFVT130420
[38] Livre
[39] Livre
[40] Livre
[41] Livre
[42] Livre
[43] Livre
[44] Ocupado: MWVX260421
[45] Removido
[46] Livre
[47] Ocupado: BSLN101214
[48] Ocupado: AFWE240311
[49] Ocupado: RDKA070713
[50] Ocupado: EAGR060302
[51] Ocupado: EFBI211115
[52] Ocupado: EMUH211217
[53] Ocupado: GACZ121204
[54] Ocupado: ATYF200222
[55] Ocupado: LWND141201
[56] Ocupado: TAQC190312
[57] Ocupado: LPBB241020
[58] Ocupado: LFRQ250702
[59] Ocupado: PQZN061219
[60] Livre
[61] Ocupado: LFVM170711
[62] Ocupado: MFPW210809
[63] Livre
[64] Livre
[65] Ocupado: LBMG170608
[66] Livre
[67] Ocupado: PXPU081000
[68] Ocupado: JSUR091120
[69] Ocupado: JHSV160515
[70] Removido
Registro RAKD191201 inserido com sucesso. Numero de colisoes: 0.

Registro SXJF091009 inserido com sucesso. Numero de colisoes: 1.

********************************LISTAR********************************
[0] Ocupado: MYAB180704
[1] Ocupado: RQSG180810
[2] Ocupado: PAPD121112
[3] Ocupado: ABSG200220
[4] Removido
[5] Ocupado: GXRG060201
[6] Livre
[7] Ocupado: AKUU230814
[8] Livre
[9] Ocupado: ACHO211109
[10] Livre
[11] Ocupado: MJBI080913
[12] Ocupado: FAMD090101
[13] Ocupado: LQWK150922
[14] Livre
[15] Livre
[16] Livre
[17] Ocupado: LFSJ210803
[18] Ocupado: ECKY071103
[19] Ocupado: JNCV191012
[20] Livre
[21] Livre
[22] Ocupado: BYPI090206
[23] Livre
[24] Ocupado: AALO131103
[25] Ocupado: RFFW060410
[26] Ocupado: ESHQ191100
[27] Removido
[28] Ocupado: GSBZ050300
[29] Ocupado: FUAD150505
[30] Ocupado: JHKM040120
[31] Removido
[32] Ocupado: LLAA190501
[33] Livre
[34] Ocupado: GUUI010813
[35] Livre
[36] Removido
[37] Ocupado: GFVT130420
[38] Ocupado: RAKD191201
[39] Livre
[40] Livre
[41] Livre
[42] Livre
[43] Livre
[44] Ocupado: MWVX260421
[45] Removido
[46] Livre
[47] Ocupado: BSLN101214
[48] Ocupado: AFWE240311
[49] Ocupado: RDKA070713
[50] Ocupado: EAGR060302
[51] Ocupado: EFBI211115
[52] Ocupado: EMUH211217
[53] Ocupado: GACZ121204
[54] Ocupado: ATYF200222
[55] Ocupado: LWND141201
[56] Ocupado: TAQC190312
[57] Ocupado: LPBB241020
[58] Ocupado: LFRQ250702
[59] Ocupado: PQZN061219
[60] Livre
[61] Ocupado: LFVM170711
[62] Ocupado: MFPW210809
[63] Livre
[64] Livre
[65] Ocupado: LBMG170608
[66] Livre
[67] Ocupado: PXPU081000
[68] Ocupado: JSUR091120
[69] Ocupado: JHSV160515
[70] Ocupado: SXJF091009
********************************ARQUIVO*******************************
*|BRIEL NAO SOU FAKE@F@12/03/1996@(73) 85612-9243@UNO@GKB-9402@COTIA|JUNDIAI|LORENA|OSASCO|RIO DE JANEIRO|SAO JOSE DOS CAMPOS|SAO PAULO|SAO ROQUE|SOROCABA|TAUBATE@25/07/19@08:06@122.45@2@#####################################################################JULIANA PAES@M@09/12/1999@(84) 31262-7878@UNO@SUR-2184@COTIA|JUNDIAI|OSASCO|RIO DE JANEIRO|SAO PAULO|TAUBATE@09/11/19@20:20@073.11@2@###########################################################################################################################PABLO PICASSO@M@05/04/1990@(73) 19472-2151@UNO@XPU-8179@COTIA|LORENA|OSASCO|RIO DE JANEIRO|SAO JOSE DOS CAMPOS|TAUBATE@08/10/19@00:36@139.68@2@#################################################################################################################BRUNA MARQUEZINE@M@05/09/1989@(27) 33801-7335@GOL@SLN-0914@COTIA|LORENA|SAO JOSE DOS CAMPOS|SAO PAULO|SOROCABA@10/12/19@14:51@159.74@1@#########################################################################################################################JULIANA MENDES@F@12/06/1998@(90) 87279-4655@COROLLA@HSV-7700@COTIA|JUNDIAI|LORENA|OSASCO|SAO PAULO|SOROCABA@16/05/19@15:49@234.95@4@############################################################################################################################FATIMA BERNARDES@M@20/11/1996@(62) 61319-2485@CIVIC@AMD-9121@COTIA|JUNDIAI|LORENA|SAO JOSE DOS CAMPOS|SAO ROQUE|TAUBATE@09/01/19@01:42@207.91@1@################################################################################################################ALEXANDRE O MEDIO@F@22/11/1999@(62) 59101-8458@FIT@CHO-6545@JUNDIAI|LORENA|RIO DE JANEIRO|SAO PAULO|SAO ROQUE@21/11/19@09:33@008.55@2@##########################################################################################################################ALEXANDRE O MAIS OU MENOS@M@04/01/1999@(96) 04585-3923@CORSA@ALO-5896@COTIA|JUNDIAI|LORENA|OSASCO|RIO DE JANEIRO|SAO JOSE DOS CAMPOS|SAO PAULO|SAO ROQUE|SOROCABA|TAUBATE@13/11/19@03:55@001.28@1@##############################################################ALEXANDRE O MEDIO@M@04/07/1990@(16) 06770-6276@FUSCA@FWE-6145@LORENA|RIO DE JANEIRO@24/03/19@11:07@189.12@4@####################################################################################################################################################*|LIANA MENDES@M@05/01/1989@(76) 97338-3457@COROLLA@TFC-6936@JUNDIAI|LORENA|OSASCO|SAO JOSE DOS CAMPOS|SAO PAULO|SAO ROQUE@21/02/19@05:11@216.93@3@#############################################################################################################MATEUS ALVES@M@22/07/1999@(18) 39470-8756@CIVIC@YAB-3148@COTIA|JUNDIAI|LORENA|OSASCO|RIO DE JANEIRO|SAO JOSE DOS CAMPOS|SAO PAULO|SAO ROQUE|SOROCABA|TAUBATE@18/07/19@04:30@248.89@1@###########################################################################ROBERT DOWNEY JUNIOR F :(@M@16/10/1993@(52) 19673-6444@ONIX@QSG-5392@COTIA|LORENA|OSASCO|SOROCABA@18/08/19@10:25@226.74@3@######################################################################################################################################LETICIA FERREIRA DOS SANTOS@M@09/05/1991@(77) 97168-5449@CORSA@WND-6762@COTIA|JUNDIAI|LORENA|OSASCO|RIO DE JANEIRO|SAO JOSE DOS CAMPOS|SAO PAULO|SAO ROQUE|SOROCABA|TAUBATE@14/12/19@01:22@126.76@2@############################################################ROBERT PATTINSON@M@06/01/1989@(16) 78666-7808@HB20@DKA-6315@JUNDIAI|LORENA|OSASCO|RIO DE JANEIRO|SAO JOSE DOS CAMPOS|SOROCABA@07/07/19@13:20@015.68@1@##########################################################################################################GABRIELA ALVEZ@F@01/10/1998@(60) 07744-6769@HB20@XRG-4896@COTIA|JUNDIAI|SAO JOSE DOS CAMPOS|SAO ROQUE|SOROCABA@06/02/19@01:13@236.18@3@#########################################################################################################################FELIPE COUTINHO@F@24/02/1989@(63) 79199-1307@FOX@UAD-9528@JUNDIAI|LORENA|OSASCO|RIO DE JANEIRO|SAO JOSE DOS CAMPOS|SAO PAULO|SAO ROQUE|SOROCABA@15/05/19@05:46@058.68@1@########################################################################################PABLO VITTAR@F@20/08/1995@(53) 32541-4741@HB20@APD-4736@COTIA|JUNDIAI|LORENA|OSASCO|RIO DE JANEIRO|SAO JOSE DOS CAMPOS|SAO PAULO|SAO ROQUE|SOROCABA|TAUBATE@12/11/19@12:46@154.43@2@############################################################################JULIANA MENDES@M@07/11/1994@(19) 04713-2079@ONIX@HKM-2534@COTIA|OSASCO|SAO PAULO|SAO ROQUE@04/01/19@20:17@243.58@3@#############################################################################################################################################ALEXANDRE O CHEGA NE@F@22/06/1995@(59) 73607-3971@COROLLA@BSG-3452@JUNDIAI|LORENA@20/02/19@20:53@069.60@3@######################################################################################################################################################BRUNA MARQUEZINE@M@13/10/1989@(28) 53185-1550@ONIX@YPI-0078@COTIA|JUNDIAI|LORENA|OSASCO|RIO DE JANEIRO|SAO JOSE DOS CAMPOS|SAO PAULO|SAO ROQUE|SOROCABA|TAUBATE@09/02/19@06:36@178.60@2@########################################################################*|ELYN DOS SANTOS@M@27/10/1993@(34) 06401-7083@CELTA@OBY-0329@COTIA|JUNDIAI|RIO DE JANEIRO|SOROCABA|TAUBATE@19/11/19@07:33@240.32@4@############################################################################################################################TATIANA MONTEIRO@M@18/01/1996@(58) 82104-5516@COROLLA@AQC-7454@COTIA|JUNDIAI|LORENA|OSASCO|RIO DE JANEIRO|SAO JOSE DOS CAMPOS|SAO PAULO|SAO ROQUE|SOROCABA|TAUBATE@19/03/19@12:41@181.89@1@#####################################################################ALEXANDRE O GRANDE@M@19/12/1995@(53) 16868-8942@ONIX@KUU-3934@COTIA|JUNDIAI|LORENA|OSASCO|RIO DE JANEIRO|SAO JOSE DOS CAMPOS|SAO PAULO|SAO ROQUE|SOROCABA|TAUBATE@23/08/19@14:19@108.88@2@######################################################################*|BRINA SATO@F@27/09/1995@(33) 07620-3497@FIT@CYW-3113@JUNDIAI|RIO DE JANEIRO|SAO JOSE DOS CAMPOS|SOROCABA@19/05/19@03:28@073.58@4@#############################################################################################################################ROBERT NORMAL@F@04/03/1989@(71) 26110-0495@ONIX@FFW-2110@COTIA|JUNDIAI|SAO JOSE DOS CAMPOS|SOROCABA@06/04/19@10:39@186.77@2@####################################################################################################################################EVELYN DOS SANTOS@M@13/04/1990@(16) 81906-3864@CORSA@SHQ-4534@JUNDIAI|LORENA|OSASCO|RIO DE JANEIRO|SAO PAULO|SAO ROQUE|SOROCABA@19/11/19@00:19@182.13@1@########################################################################################################LETICIA OLIVEIRA FERREIRA@M@03/08/1992@(14) 23699-9456@UNO@FVM-2958@SAO PAULO|SOROCABA@17/07/19@11:35@215.71@3@#################################################################################################################################################*|TICIA CARRARA@M@16/12/1996@(22) 51399-1954@UNO@WHD-9427@COTIA|JUNDIAI|LORENA|OSASCO|SAO ROQUE@03/03/19@01:48@240.45@2@########################################################################################################################################LETICIA OLIVEIRA FERREIRA@M@19/01/1991@(34) 19632-3053@CELTA@FRQ-0150@COTIA|OSASCO|RIO DE JANEIRO|SAO JOSE DOS CAMPOS|SOROCABA@25/07/19@02:04@074.02@4@#########################################################################################################GABRIEL NAO SOU FAKE@F@27/06/1999@(95) 05517-4037@ONIX@SBZ-9170@LORENA|RIO DE JANEIRO@05/03/19@00:38@034.16@2@##################################################################################################################################################EVELYN DOS SANTOS@F@08/09/1993@(40) 32249-6658@CIVIC@MUH-0404@LORENA|OSASCO|RIO DE JANEIRO|SAO JOSE DOS CAMPOS|SAO PAULO|SAO ROQUE|SOROCABA@21/12/19@17:31@136.64@2@############################################################################################LETICIA FERREIRA DA SILVA@M@01/11/1997@(44) 87832-6935@CORSA@PBB-8385@JUNDIAI|SOROCABA@24/10/19@20:14@017.01@3@#################################################################################################################################################LAVINIE DIAS@M@21/11/1990@(55) 25495-7392@CORSA@FSJ-5963@JUNDIAI|LORENA|OSASCO|RIO DE JANEIRO|SAO JOSE DOS CAMPOS|SAO PAULO|SAO ROQUE|SOROCABA@21/08/19@03:16@052.79@2@#########################################################################################EDUARDO COSTA@M@20/03/1994@(68) 58446-3289@UNO@AGR-9836@COTIA|OSASCO|RIO DE JANEIRO|SAO JOSE DOS CAMPOS|SAO PAULO|SOROCABA@06/03/19@02:20@131.24@4@#############################################################################################################LAVINIE DIAS@M@02/10/1998@(67) 24341-2935@CELTA@BMG-0823@COTIA|JUNDIAI|LORENA|SAO JOSE DOS CAMPOS|SAO PAULO|SAO ROQUE|SOROCABA@17/06/19@08:31@209.32@3@#########################################################################################################LAVINIE DIAS@M@04/06/1991@(66) 48644-3811@GOL@LAA-2400@COTIA|JUNDIAI|OSASCO|RIO DE JANEIRO|SAO JOSE DOS CAMPOS|SAO PAULO|SAO ROQUE|SOROCABA|TAUBATE@19/05/19@01:47@106.51@2@####################################################################################EDUARDO COSTA@M@22/09/1990@(45) 89249-1568@CIVIC@CKY-2207@COTIA|JUNDIAI|LORENA|OSASCO|RIO DE JANEIRO|SAO JOSE DOS CAMPOS|SAO PAULO|SAO ROQUE|SOROCABA|TAUBATE@07/11/19@03:54@165.08@3@##########################################################################MATHEUS ROCHA@M@27/04/1996@(48) 73479-2932@CORSA@JBI-6753@LORENA|RIO DE JANEIRO|SAO ROQUE|TAUBATE@08/09/19@13:11@206.93@1@######################################################################################################################################LETICIA CARRARA@F@23/05/1998@(29) 63137-5229@FOX@QWK-4097@COTIA|JUNDIAI|LORENA|OSASCO|RIO DE JANEIRO|SAO JOSE DOS CAMPOS|SAO PAULO|SAO ROQUE|SOROCABA@15/09/19@22:09@119.18@1@##################################################################################*|LIA ANDRADE@M@14/03/1994@(04) 51128-6376@COROLLA@MTL-6123@COTIA|OSASCO|RIO DE JANEIRO|SAO JOSE DOS CAMPOS|SOROCABA|TAUBATE@04/11/19@20:27@132.43@2@###########################################################################################################GABRIEL THE ANGEL@F@15/01/1993@(75) 90943-3919@HB20@UUI-3634@JUNDIAI|LORENA|OSASCO|RIO DE JANEIRO|SAO ROQUE@01/08/19@13:12@051.38@3@############################################################################################################################MATHEUS AUGUSTO@F@11/06/1997@(76) 89261-9613@UNO@WVX-7397@COTIA|JUNDIAI|LORENA|RIO DE JANEIRO|SAO PAULO|SOROCABA|TAUBATE@26/04/19@21:58@222.47@3@###############################################################################################################JULIA ANDRADE@M@08/01/1995@(87) 33508-0155@CIVIC@NCV-2701@JUNDIAI|RIO DE JANEIRO|SAO ROQUE@19/10/19@12:08@146.30@3@#############################################################################################################################################EDUARDO MOTTA@M@22/05/1995@(78) 33260-3733@FIT@FBI-6144@OSASCO|SOROCABA@21/11/19@15:01@022.07@1@################################################################################################################################################################GABRIEL EL ANGEL@F@19/09/1989@(47) 29165-2836@HB20@ACZ-9366@COTIA|JUNDIAI|LORENA|OSASCO|RIO DE JANEIRO|SAO JOSE DOS CAMPOS|SAO PAULO|SAO ROQUE|SOROCABA|TAUBATE@12/12/19@04:04@111.29@3@########################################################################GABRIEL O ANJO@F@07/02/1992@(32) 93503-6460@UNO@FVT-7639@COTIA|JUNDIAI|LORENA|OSASCO|RIO DE JANEIRO|SAO JOSE DOS CAMPOS|SAO PAULO|SAO ROQUE|SOROCABA|TAUBATE@13/04/19@20:31@201.33@1@###########################################################################PABLO ESCOBAR@F@17/07/1999@(64) 15028-2659@HB20@QZN-3115@JUNDIAI|OSASCO|SAO JOSE DOS CAMPOS|SAO PAULO|SAO ROQUE|SOROCABA@06/12/19@19:56@100.54@2@###############################################################################################################ALEXANDRE O MAIS OU MENOS@M@22/09/1990@(17) 34178-4858@CIVIC@TYF-2831@LORENA|OSASCO|SOROCABA@20/02/19@22:33@077.42@2@###########################################################################################################################################MATHEUS AUGUSTO@M@06/09/1989@(30) 29299-0337@CORSA@FPW-2583@COTIA|OSASCO|SAO JOSE DOS CAMPOS|SAO PAULO|SAO ROQUE@21/08/19@09:25@129.85@1@#######################################################################################################################ROBERT DOWNEY JUNIOR F :(@M@27/12/1995@(87) 95818-2816@FIT@AKD-1782@OSASCO|SAO PAULO|SAO ROQUE@19/12/19@01:22@225.65@1@#########################################################################################################################################SABRINA SATO@M@27/02/1993@(32) 16406-7201@ONIX@XJF-3975@COTIA|JUNDIAI|LORENA|OSASCO|RIO DE JANEIRO|SAO JOSE DOS CAMPOS|SAO PAULO|SAO ROQUE@09/10/19@09:38@170.06@1@#############################################################################################
