Registro AFHR120100 inserido com sucesso. Numero de colisoes: 0.

Registro AVXB100912 inserido com sucesso. Numero de colisoes: 0.

********************************ALTERAR*******************************
Registro(s) nao encontrado!
FALHA AO REALIZAR OPERACAO!
Registro JDCK081219 inserido com sucesso. Numero de colisoes: 0.

**********************EXCLUIR*********************
Registro(s) nao encontrado!
FALHA AO REALIZAR OPERACAO!
Registro BZDS271021 inserido com sucesso. Numero de colisoes: 0.

********************************ALTERAR*******************************
OPERACAO REALIZADA COM SUCESSO!
Registro AADZ141212 inserido com sucesso. Numero de colisoes: 0.

********************************LISTAR********************************
[0] Livre
[1] Livre
[2] Livre
[3] Livre
[4] Livre
[5] Livre
[6] Ocupado: AADZ141212
[7] Livre
[8] Livre
[9] Livre
[10] Livre
[11] Livre
[12] Livre
[13] Livre
[14] Livre
[15] Livre
[16] Livre
[17] Livre
[18] Livre
[19] Livre
[20] Livre
[21] Livre
[22] Ocupado: AFHR120100
[23] Livre
[24] Livre
[25] Livre
[26] Livre
[27] Livre
[28] Livre
[29] Livre
[30] Ocupado: JDCK081219
[31] Livre
[32] Livre
[33] Livre
[34] Livre
[35] Livre
[36] Ocupado: BZDS271021
[37] Ocupado: AVXB100912
[38] Livre
[39] Livre
[40] Livre
[41] Livre
[42] Livre
[43] Livre
[44] Livre
[45] Livre
[46] Livre
[47] Livre
[48] Livre
[49] Livre
[50] Livre
[51] Livre
[52] Livre
Registro LXSE180907 inserido com sucesso. Numero de colisoes: 0.

**********************EXCLUIR*********************
OPERACAO REALIZADA COM SUCESSO!
********************************LISTAR********************************
[0] Livre
[1] Livre
[2] Livre
[3] Livre
[4] Livre
[5] Livre
[6] Removido
[7] Livre
[8] Livre
[9] Livre
[10] Livre
[11] Livre
[12] Livre
[13] Livre
[14] Livre
[15] Livre
[16] Livre
[17] Livre
[18] Livre
[19] Livre
[20] Livre
[21] Livre
[22] Ocupado: AFHR120100
[23] Livre
[24] Livre
[25] Livre
[26] Livre
[27] Livre
[28] Livre
[29] Livre
[30] Ocupado: JDCK081219
[31] Livre
[32] Livre
[33] Livre
[34] Livre
[35] Livre
[36] Ocupado: BZDS271021
[37] Ocupado: AVXB100912
[38] Livre
[39] Livre
[40] Livre
[41] Livre
[42] Livre
[43] Livre
[44] Ocupado: LXSE180907
[45] Livre
[46] Livre
[47] Livre
[48] Livre
[49] Livre
[50] Livre
[51] Livre
[52] Livre
Registro MQRA020712 inserido com sucesso. Numero de colisoes: 0.

Registro BPES240910 inserido com sucesso. Numero de colisoes: 0.

ERRO: Ja existe um registro com a chave primaria: BZDS271021.

Registro AXNK221011 inserido com sucesso. Numero de colisoes: 0.

Registro MBDD210304 inserido com sucesso. Numero de colisoes: 0.

********************************LISTAR********************************
[0] Livre
[1] Livre
[2] Livre
[3] Livre
[4] Livre
[5] Livre
[6] Removido
[7] Livre
[8] Ocupado: MQRA020712
[9] Livre
[10] Livre
[11] Livre
[12] Livre
[13] Ocupado: BPES240910
[14] Livre
[15] Livre
[16] Livre
[17] Livre
[18] Livre
[19] Livre
[20] Livre
[21] Livre
[22] Ocupado: AFHR120100
[23] Livre
[24] Livre
[25] Livre
[26] Ocupado: MBDD210304
[27] Livre
[28] Livre
[29] Livre
[30] Ocupado: JDCK081219
[31] Livre
[32] Livre
[33] Livre
[34] Livre
[35] Livre
[36] Ocupado: BZDS271021
[37] Ocupado: AVXB100912
[38] Livre
[39] Livre
[40] Livre
[41] Livre
[42] Livre
[43] Livre
[44] Ocupado: LXSE180907
[45] Livre
[46] Livre
[47] Livre
[48] Livre
[49] Livre
[50] Livre
[51] Livre
[52] Ocupado: AXNK221011
********************************BUSCAR********************************
AFHR120100
ALEXANDRE O MEDIO
F
05/05/1991
(68) 88744-7854
COROLLA
FHR-8640
12/01/19
00:25
012.74
3
COTIA, JUNDIAI, LORENA, OSASCO, SAO JOSE DOS CAMPOS, SAO ROQUE, SOROCABA, TAUBATE
**********************EXCLUIR*********************
OPERACAO REALIZADA COM SUCESSO!
**********************EXCLUIR*********************
OPERACAO REALIZADA COM SUCESSO!
**********************EXCLUIR*********************
OPERACAO REALIZADA COM SUCESSO!
********************************LISTAR********************************
[0] Livre
[1] Livre
[2] Livre
[3] Livre
[4] Livre
[5] Livre
[6] Removido
[7] Livre
[8] Ocupado: MQRA020712
[9] Livre
[10] Livre
[11] Livre
[12] Livre
[13] Removido
[14] Livre
[15] Livre
[16] Livre
[17] Livre
[18] Livre
[19] Livre
[20] Livre
[21] Livre
[22] Ocupado: AFHR120100
[23] Livre
[24] Livre
[25] Livre
[26] Ocupado: MBDD210304
[27] Livre
[28] Livre
[29] Livre
[30] Removido
[31] Livre
[32] Livre
[33] Livre
[34] Livre
[35] Livre
[36] Ocupado: BZDS271021
[37] Ocupado: AVXB100912
[38] Livre
[39] Livre
[40] Livre
[41] Livre
[42] Livre
[43] Livre
[44] Ocupado: LXSE180907
[45] Livre
[46] Livre
[47] Livre
[48] Livre
[49] Livre
[50] Livre
[51] Livre
[52] Removido
********************************BUSCAR********************************
Registro(s) nao encontrado!
********************************BUSCAR********************************
Registro(s) nao encontrado!
********************************BUSCAR********************************
Registro(s) nao encontrado!
********************************BUSCAR********************************
LXSE180907
LETICIA FERREIRA DOS SANTOS
M
12/06/1995
(26) 18694-8904
FUSCA
XSE-9043
18/09/19
07:05
042.52
4
JUNDIAI, LORENA, OSASCO, SAO JOSE DOS CAMPOS, SAO PAULO, SAO ROQUE, SOROCABA, TAUBATE
Registro JCLE150906 inserido com sucesso. Numero de colisoes: 0.

**********************EXCLUIR*********************
OPERACAO REALIZADA COM SUCESSO!
********************************LISTAR********************************
[0] Livre
[1] Livre
[2] Livre
[3] Livre
[4] Livre
[5] Livre
[6] Removido
[7] Livre
[8] Removido
[9] Livre
[10] Livre
[11] Livre
[12] Livre
[13] Removido
[14] Ocupado: JCLE150906
[15] Livre
[16] Livre
[17] Livre
[18] Livre
[19] Livre
[20] Livre
[21] Livre
[22] Ocupado: AFHR120100
[23] Livre
[24] Livre
[25] Livre
[26] Ocupado: MBDD210304
[27] Livre
[28] Livre
[29] Livre
[30] Removido
[31] Livre
[32] Livre
[33] Livre
[34] Livre
[35] Livre
[36] Ocupado: BZDS271021
[37] Ocupado: AVXB100912
[38] Livre
[39] Livre
[40] Livre
[41] Livre
[42] Livre
[43] Livre
[44] Ocupado: LXSE180907
[45] Livre
[46] Livre
[47] Livre
[48] Livre
[49] Livre
[50] Livre
[51] Livre
[52] Removido
Registro AMLH040908 inserido com sucesso. Numero de colisoes: 1.

Registro PGHI200820 inserido com sucesso. Numero de colisoes: 0.

Registro PTXF011119 inserido com sucesso. Numero de colisoes: 0.

**********************EXCLUIR*********************
OPERACAO REALIZADA COM SUCESSO!
**********************EXCLUIR*********************
Registro(s) nao encontrado!
FALHA AO REALIZAR OPERACAO!
Registro LXBY231204 inserido com sucesso. Numero de colisoes: 1.

********************************ALTERAR*******************************
OPERACAO REALIZADA COM SUCESSO!
********************************BUSCAR********************************
AMLH040908
ALEXANDRE O MIXURUCA
M
02/03/1992
(37) 52955-3408
FOX
MLH-7278
04/09/19
08:18
108.63
4
COTIA, JUNDIAI, LORENA, OSASCO, RIO DE JANEIRO, SAO JOSE DOS CAMPOS, SAO PAULO, SAO ROQUE, SOROCABA, TAUBATE
Registro LIFL240521 inserido com sucesso. Numero de colisoes: 0.

ERRO: Ja existe um registro com a chave primaria: BZDS271021.

********************************BUSCAR********************************
Registro(s) nao encontrado!
Registro LXLV140221 inserido com sucesso. Numero de colisoes: 0.

********************************ALTERAR*******************************
OPERACAO REALIZADA COM SUCESSO!
Registro FJIK190614 inserido com sucesso. Numero de colisoes: 0.

Registro JNEP080805 inserido com sucesso. Numero de colisoes: 1.

Registro LJAE020722 inserido com sucesso. Numero de colisoes: 2.

********************************LISTAR********************************
[0] Ocupado: LXBY231204
[1] Livre
[2] Livre
[3] Livre
[4] Livre
[5] Ocupado: LIFL240521
[6] Removido
[7] Livre
[8] Ocupado: PTXF011119
[9] Livre
[10] Livre
[11] Ocupado: LXLV140221
[12] Ocupado: JNEP080805
[13] Ocupado: LJAE020722
[14] Ocupado: JCLE150906
[15] Livre
[16] Livre
[17] Livre
[18] Livre
[19] Livre
[20] Livre
[21] Livre
[22] Ocupado: AFHR120100
[23] Livre
[24] Livre
[25] Livre
[26] Ocupado: MBDD210304
[27] Ocupado: AMLH040908
[28] Livre
[29] Livre
[30] Removido
[31] Livre
[32] Livre
[33] Livre
[34] Livre
[35] Livre
[36] Ocupado: BZDS271021
[37] Removido
[38] Livre
[39] Ocupado: FJIK190614
[40] Livre
[41] Livre
[42] Livre
[43] Livre
[44] Ocupado: LXSE180907
[45] Livre
[46] Livre
[47] Livre
[48] Livre
[49] Livre
[50] Livre
[51] Livre
[52] Ocupado: PGHI200820
********************************ALTERAR*******************************
OPERACAO REALIZADA COM SUCESSO!
Registro ROSB270621 inserido com sucesso. Numero de colisoes: 0.

**********************EXCLUIR*********************
OPERACAO REALIZADA COM SUCESSO!
**********************EXCLUIR*********************
OPERACAO REALIZADA COM SUCESSO!
Registro LSHK260118 inserido com sucesso. Numero de colisoes: 0.

********************************BUSCAR********************************
Registro(s) nao encontrado!
**********************EXCLUIR*********************
OPERACAO REALIZADA COM SUCESSO!
**********************EXCLUIR*********************
OPERACAO REALIZADA COM SUCESSO!
Registro AUBO200906 inserido com sucesso. Numero de colisoes: 2.

Registro MXTV080200 inserido com sucesso. Numero de colisoes: 0.

Registro JEXB150218 inserido com sucesso. Numero de colisoes: 1.

Registro BWWA120401 inserido com sucesso. Numero de colisoes: 1.

********************************ALTERAR*******************************
OPERACAO REALIZADA COM SUCESSO!
********************************BUSCAR********************************
MXTV080200
MATHEUS AUGUSTO
M
26/07/1991
(05) 64468-7076
CELTA
XTV-5983
08/02/19
00:32
033.19
3
LORENA, OSASCO, RIO DE JANEIRO, SAO PAULO, SAO ROQUE
Registro RJDQ150315 inserido com sucesso. Numero de colisoes: 3.

********************************LISTAR********************************
[0] Removido
[1] Livre
[2] Ocupado: MXTV080200
[3] Livre
[4] Livre
[5] Ocupado: LIFL240521
[6] Ocupado: BWWA120401
[7] Ocupado: LSHK260118
[8] Ocupado: PTXF011119
[9] Livre
[10] Livre
[11] Removido
[12] Ocupado: JNEP080805
[13] Ocupado: LJAE020722
[14] Ocupado: JCLE150906
[15] Ocupado: RJDQ150315
[16] Livre
[17] Livre
[18] Livre
[19] Livre
[20] Livre
[21] Livre
[22] Ocupado: AFHR120100
[23] Livre
[24] Livre
[25] Livre
[26] Ocupado: MBDD210304
[27] Ocupado: AMLH040908
[28] Ocupado: AUBO200906
[29] Livre
[30] Removido
[31] Livre
[32] Livre
[33] Livre
[34] Livre
[35] Livre
[36] Ocupado: BZDS271021
[37] Removido
[38] Livre
[39] Ocupado: FJIK190614
[40] Ocupado: JEXB150218
[41] Livre
[42] Livre
[43] Livre
[44] Ocupado: LXSE180907
[45] Livre
[46] Livre
[47] Livre
[48] Removido
[49] Livre
[50] Livre
[51] Livre
[52] Removido
********************************ARQUIVO*******************************
ALEXANDRE O MEDIO@F@05/05/1991@(68) 88744-7854@COROLLA@FHR-8640@COTIA|JUNDIAI|LORENA|OSASCO|SAO JOSE DOS CAMPOS|SAO ROQUE|SOROCABA|TAUBATE@12/01/19@00:25@012.74@4@#############################################################################################*|EXANDRE O MAIS OU MENOS@F@14/07/1999@(17) 24094-2565@FUSCA@VXB-5977@COTIA|JUNDIAI|LORENA|OSASCO|RIO DE JANEIRO|SAO JOSE DOS CAMPOS|SAO PAULO|SAO ROQUE|SOROCABA@10/09/19@12:04@123.11@1@######################################################################*|LIANA PAES@F@14/06/1994@(95) 98049-8890@HB20@DCK-2248@COTIA|JUNDIAI|LORENA|OSASCO|RIO DE JANEIRO|SAO JOSE DOS CAMPOS|SAO ROQUE|SOROCABA@08/12/19@19:10@172.54@2@##############################################################################################BRUNA MARQUEZINE@F@22/08/1996@(74) 45642-8579@HB20@ZDS-7605@RIO DE JANEIRO|SAO JOSE DOS CAMPOS|SAO PAULO|SOROCABA|TAUBATE@27/10/19@21:16@155.03@1@##############################################################################################################*|EXANDRE O PEQUENO@M@26/01/1992@(24) 72582-1028@FUSCA@ADZ-6633@COTIA|JUNDIAI|LORENA|OSASCO|RIO DE JANEIRO|SAO JOSE DOS CAMPOS|SAO PAULO|SAO ROQUE|SOROCABA|TAUBATE@14/12/19@12:09@244.31@3@####################################################################LETICIA FERREIRA DOS SANTOS@M@12/06/1995@(26) 18694-8904@FUSCA@XSE-9043@JUNDIAI|LORENA|OSASCO|SAO JOSE DOS CAMPOS|SAO PAULO|SAO ROQUE|SOROCABA|TAUBATE@18/09/19@07:05@042.52@1@#################################################################################*|THEUS LIMA@M@02/11/1990@(05) 90813-4093@UNO@QRA-3215@LORENA|OSASCO|SAO PAULO|SAO ROQUE|SOROCABA|TAUBATE@02/07/19@12:11@213.08@1@##############################################################################################################################*|UNA MARQUEZINE@F@16/07/1995@(13) 45283-2115@UNO@PES-5657@JUNDIAI|OSASCO|RIO DE JANEIRO|SAO PAULO|SAO ROQUE|SOROCABA@24/09/19@10:44@082.04@3@##################################################################################################################*|EXANDRE O MAIS OU MENOS@M@22/05/1990@(16) 96254-0548@ONIX@XNK-9978@JUNDIAI|OSASCO|SAO JOSE DOS CAMPOS|TAUBATE@22/10/19@11:52@076.94@3@########################################################################################################################MATEUS ALVES@M@06/08/1991@(75) 62118-5277@ONIX@BDD-4144@COTIA|JUNDIAI|LORENA|OSASCO|RIO DE JANEIRO|SAO ROQUE|SOROCABA|TAUBATE@21/03/19@04:22@129.70@4@##########################################################################################################JULIANA PAES@F@25/04/1994@(46) 46058-2259@CORSA@CLE-3097@COTIA|LORENA|OSASCO|SAO JOSE DOS CAMPOS|SAO PAULO|SAO ROQUE|SOROCABA|TAUBATE@15/09/19@06:54@084.28@2@##################################################################################################ALEXANDRE O MIXURUCA@M@02/03/1992@(37) 52955-3408@FOX@MLH-7278@COTIA|JUNDIAI|LORENA|OSASCO|RIO DE JANEIRO|SAO JOSE DOS CAMPOS|SAO PAULO|SAO ROQUE|SOROCABA|TAUBATE@04/09/19@08:18@108.63@4@#####################################################################*|BLO VITTAR@F@14/12/1998@(65) 83869-5064@UNO@GHI-2184@JUNDIAI|LORENA@20/08/19@20:30@088.65@2@##################################################################################################################################################################PABLO PICASSO@M@12/03/1991@(80) 88744-6417@FUSCA@TXF-2254@RIO DE JANEIRO|SAO JOSE DOS CAMPOS|SAO ROQUE@01/11/19@19:24@139.22@1@#################################################################################################################################*|VINIE DIAS@F@24/02/1989@(79) 78100-4392@FIT@XBY-6769@COTIA|OSASCO|RIO DE JANEIRO@23/12/19@04:14@000.78@3@#####################################################################################################################################################LETICIA FERREIRA DOS SANTOS@M@13/09/1990@(82) 50980-3882@FIT@IFL-7418@JUNDIAI|SAO PAULO|SAO ROQUE@24/05/19@21:39@147.50@3@######################################################################################################################################*|TICIA OLIVEIRA FERREIRA@F@05/12/1990@(85) 32896-5823@UNO@XLV-1495@COTIA|LORENA|OSASCO|RIO DE JANEIRO|SAO PAULO|SAO ROQUE|SOROCABA@14/02/19@21:56@245.72@1@####################################################################################################FELIPE COUTINHO@F@22/08/1998@(96) 99261-9197@FIT@JIK-2311@JUNDIAI|LORENA|OSASCO|RIO DE JANEIRO|SAO JOSE DOS CAMPOS|TAUBATE@19/06/19@14:13@113.56@4@#############################################################################################################JULIANA MENDES@M@03/08/1998@(19) 98731-7525@GOL@NEP-1329@COTIA|JUNDIAI|LORENA|OSASCO|SAO JOSE DOS CAMPOS|SAO PAULO@08/08/19@05:08@226.47@2@#####################################################################################################################LETICIA OLIVEIRA FERREIRA@F@22/07/1991@(36) 97656-0215@GOL@JAE-8096@OSASCO|SAO JOSE DOS CAMPOS|SAO PAULO|SOROCABA@02/07/19@22:36@140.90@4@######################################################################################################################*|NATA ARAGAO@F@12/09/1997@(12) 04086-9766@COROLLA@OSB-8197@JUNDIAI|SAO JOSE DOS CAMPOS|SAO PAULO|SAO ROQUE@27/06/19@21:44@060.60@4@############################################################################################################################LETICIA CARRARA@F@18/02/1990@(18) 38775-3611@GOL@SHK-4033@COTIA|LORENA|OSASCO|RIO DE JANEIRO|SAO PAULO|SAO ROQUE|SOROCABA|TAUBATE@26/01/19@18:44@119.54@3@######################################################################################################ALEXANDRE O PEQUENO@F@20/12/1995@(08) 93051-9157@TORO@UBO-6721@LORENA|SAO JOSE DOS CAMPOS|SOROCABA@20/09/19@06:53@159.36@1@#####################################################################################################################################MATHEUS AUGUSTO@M@26/07/1991@(05) 64468-7076@CELTA@XTV-5983@LORENA|OSASCO|RIO DE JANEIRO|SAO PAULO|SAO ROQUE@08/02/19@00:32@033.19@3@###########################################################################################################################JULIANA PAES@M@03/09/1996@(39) 09424-9413@TORO@EXB-8361@RIO DE JANEIRO|SOROCABA@15/02/19@18:42@100.74@2@########################################################################################################################################################BRUNA MARQUEZINE@M@19/10/1989@(49) 42632-8828@HB20@WWA-9549@COTIA|JUNDIAI|LORENA|OSASCO|SAO JOSE DOS CAMPOS|SAO PAULO|SAO ROQUE|SOROCABA|TAUBATE@12/04/19@01:38@007.24@3@#######################################################################################ROBERT DOWNEY JUNIOR F :(@M@02/04/1989@(69) 99194-8402@CELTA@JDQ-3401@COTIA|JUNDIAI|LORENA|RIO DE JANEIRO|SAO JOSE DOS CAMPOS@15/03/19@15:40@112.83@2@##########################################################################################################
